<?xml version="1.0" encoding="UTF-8"?>
<testng-results skipped="0" failed="0" total="3" passed="3">
  <reporter-output>
  </reporter-output>
  <suite name="DockerSelenium" duration-ms="34285" started-at="2022-01-27T18:50:57Z" finished-at="2022-01-27T18:51:31Z">
    <groups>
    </groups>
    <test name="GoogleSearchPageTest1" duration-ms="13719" started-at="2022-01-27T18:50:57Z" finished-at="2022-01-27T18:51:11Z">
      <class name="com.docker.testCases.GoogleSearchTest">
        <test-method status="PASS" signature="setUp(java.lang.String)[pri:0, instance:com.docker.testCases.GoogleSearchTest@11531931]" name="setUp" is-config="true" duration-ms="10012" started-at="2022-01-28T00:20:57Z" finished-at="2022-01-28T00:21:07Z">
          <params>
            <param index="0">
              <value>
                <![CDATA[chrome]]>
              </value>
            </param>
          </params>
          <reporter-output>
          </reporter-output>
        </test-method> <!-- setUp -->
        <test-method status="PASS" signature="searchPageTest(java.lang.String, int)[pri:0, instance:com.docker.testCases.GoogleSearchTest@11531931]" name="searchPageTest" duration-ms="3470" started-at="2022-01-28T00:21:07Z" finished-at="2022-01-28T00:21:11Z">
          <params>
            <param index="0">
              <value>
                <![CDATA[docker]]>
              </value>
            </param>
            <param index="1">
              <value>
                <![CDATA[2]]>
              </value>
            </param>
          </params>
          <reporter-output>
          </reporter-output>
        </test-method> <!-- searchPageTest -->
        <test-method status="PASS" signature="tearDown()[pri:0, instance:com.docker.testCases.GoogleSearchTest@11531931]" name="tearDown" is-config="true" duration-ms="208" started-at="2022-01-28T00:21:11Z" finished-at="2022-01-28T00:21:11Z">
          <reporter-output>
          </reporter-output>
        </test-method> <!-- tearDown -->
      </class> <!-- com.docker.testCases.GoogleSearchTest -->
    </test> <!-- GoogleSearchPageTest1 -->
    <test name="GoogleHomePageTest" duration-ms="25960" started-at="2022-01-27T18:50:57Z" finished-at="2022-01-27T18:51:23Z">
      <class name="com.docker.testCases.GoogleHomeTest">
        <test-method status="PASS" signature="setUp(java.lang.String)[pri:0, instance:com.docker.testCases.GoogleHomeTest@6ad5c04e]" name="setUp" is-config="true" duration-ms="20045" started-at="2022-01-28T00:20:57Z" finished-at="2022-01-28T00:21:17Z">
          <params>
            <param index="0">
              <value>
                <![CDATA[chrome]]>
              </value>
            </param>
          </params>
          <reporter-output>
          </reporter-output>
        </test-method> <!-- setUp -->
        <test-method status="PASS" signature="searchTest()[pri:0, instance:com.docker.testCases.GoogleHomeTest@6ad5c04e]" name="searchTest" duration-ms="4977" started-at="2022-01-28T00:21:17Z" finished-at="2022-01-28T00:21:22Z">
          <reporter-output>
          </reporter-output>
        </test-method> <!-- searchTest -->
        <test-method status="PASS" signature="tearDown()[pri:0, instance:com.docker.testCases.GoogleHomeTest@6ad5c04e]" name="tearDown" is-config="true" duration-ms="935" started-at="2022-01-28T00:21:22Z" finished-at="2022-01-28T00:21:23Z">
          <reporter-output>
          </reporter-output>
        </test-method> <!-- tearDown -->
      </class> <!-- com.docker.testCases.GoogleHomeTest -->
    </test> <!-- GoogleHomePageTest -->
    <test name="GoogleSearchPageTest2" duration-ms="20506" started-at="2022-01-27T18:51:11Z" finished-at="2022-01-27T18:51:31Z">
      <class name="com.docker.testCases.GoogleSearchTest">
        <test-method status="PASS" signature="setUp(java.lang.String)[pri:0, instance:com.docker.testCases.GoogleSearchTest@7cf10a6f]" name="setUp" is-config="true" duration-ms="15815" started-at="2022-01-28T00:21:11Z" finished-at="2022-01-28T00:21:27Z">
          <params>
            <param index="0">
              <value>
                <![CDATA[firefox]]>
              </value>
            </param>
          </params>
          <reporter-output>
          </reporter-output>
        </test-method> <!-- setUp -->
        <test-method status="PASS" signature="searchPageTest(java.lang.String, int)[pri:0, instance:com.docker.testCases.GoogleSearchTest@7cf10a6f]" name="searchPageTest" duration-ms="3784" started-at="2022-01-28T00:21:27Z" finished-at="2022-01-28T00:21:31Z">
          <params>
            <param index="0">
              <value>
                <![CDATA[selenium]]>
              </value>
            </param>
            <param index="1">
              <value>
                <![CDATA[3]]>
              </value>
            </param>
          </params>
          <reporter-output>
          </reporter-output>
        </test-method> <!-- searchPageTest -->
        <test-method status="PASS" signature="tearDown()[pri:0, instance:com.docker.testCases.GoogleSearchTest@7cf10a6f]" name="tearDown" is-config="true" duration-ms="905" started-at="2022-01-28T00:21:31Z" finished-at="2022-01-28T00:21:31Z">
          <reporter-output>
          </reporter-output>
        </test-method> <!-- tearDown -->
      </class> <!-- com.docker.testCases.GoogleSearchTest -->
    </test> <!-- GoogleSearchPageTest2 -->
  </suite> <!-- DockerSelenium -->
</testng-results>
